14:31:10.203 [qtp6193187-16] ERROR n.i.b.w.o.OrganizationBean - The entity must not be null!; nested exception is java.lang.IllegalArgumentException: The entity must not be null!
14:31:17.296 [qtp6193187-18] ERROR n.i.b.w.o.OrganizationBean - The entity must not be null!; nested exception is java.lang.IllegalArgumentException: The entity must not be null!
14:37:51.875 [qtp28130071-17] WARN  o.h.e.jdbc.spi.SqlExceptionHelper - SQL Error: 1451, SQLState: 23000
14:37:51.890 [qtp28130071-17] ERROR o.h.e.jdbc.spi.SqlExceptionHelper - Cannot delete or update a parent row: a foreign key constraint fails (`ili`.`ili_base_department`, CONSTRAINT `FK_p1wwv59fn8a1iffv3uohdv6is` FOREIGN KEY (`organ_id`) REFERENCES `ili_base_organization` (`id`))
14:37:52.031 [qtp28130071-17] ERROR n.i.b.w.o.OrganizationBean - could not execute statement; SQL [n/a]; constraint [null]; nested exception is org.hibernate.exception.ConstraintViolationException: could not execute statement
14:37:59.406 [qtp28130071-15] WARN  o.h.e.jdbc.spi.SqlExceptionHelper - SQL Error: 1451, SQLState: 23000
14:37:59.406 [qtp28130071-15] ERROR o.h.e.jdbc.spi.SqlExceptionHelper - Cannot delete or update a parent row: a foreign key constraint fails (`ili`.`ili_base_department`, CONSTRAINT `FK_p1wwv59fn8a1iffv3uohdv6is` FOREIGN KEY (`organ_id`) REFERENCES `ili_base_organization` (`id`))
14:37:59.437 [qtp28130071-15] ERROR n.i.b.w.o.OrganizationBean - could not execute statement; SQL [n/a]; constraint [null]; nested exception is org.hibernate.exception.ConstraintViolationException: could not execute statement
14:40:57.031 [qtp28130071-15] WARN  o.h.e.jdbc.spi.SqlExceptionHelper - SQL Error: 1451, SQLState: 23000
14:40:57.031 [qtp28130071-15] ERROR o.h.e.jdbc.spi.SqlExceptionHelper - Cannot delete or update a parent row: a foreign key constraint fails (`ili`.`ili_base_department`, CONSTRAINT `FK_p1wwv59fn8a1iffv3uohdv6is` FOREIGN KEY (`organ_id`) REFERENCES `ili_base_organization` (`id`))
14:40:57.078 [qtp28130071-15] ERROR n.i.b.w.o.OrganizationBean - could not execute statement; SQL [n/a]; constraint [null]; nested exception is org.hibernate.exception.ConstraintViolationException: could not execute statement
14:41:01.125 [qtp28130071-24] WARN  o.h.e.jdbc.spi.SqlExceptionHelper - SQL Error: 1451, SQLState: 23000
14:41:01.125 [qtp28130071-24] ERROR o.h.e.jdbc.spi.SqlExceptionHelper - Cannot delete or update a parent row: a foreign key constraint fails (`ili`.`ili_base_department`, CONSTRAINT `FK_p1wwv59fn8a1iffv3uohdv6is` FOREIGN KEY (`organ_id`) REFERENCES `ili_base_organization` (`id`))
14:41:01.171 [qtp28130071-24] ERROR n.i.b.w.o.OrganizationBean - could not execute statement; SQL [n/a]; constraint [null]; nested exception is org.hibernate.exception.ConstraintViolationException: could not execute statement
14:41:05.359 [qtp28130071-23] WARN  o.h.e.jdbc.spi.SqlExceptionHelper - SQL Error: 1451, SQLState: 23000
14:41:05.359 [qtp28130071-23] ERROR o.h.e.jdbc.spi.SqlExceptionHelper - Cannot delete or update a parent row: a foreign key constraint fails (`ili`.`ili_base_department`, CONSTRAINT `FK_p1wwv59fn8a1iffv3uohdv6is` FOREIGN KEY (`organ_id`) REFERENCES `ili_base_organization` (`id`))
14:41:05.468 [qtp28130071-23] ERROR n.i.b.w.o.OrganizationBean - could not execute statement; SQL [n/a]; constraint [null]; nested exception is org.hibernate.exception.ConstraintViolationException: could not execute statement
14:41:11.750 [qtp28130071-19] WARN  o.h.e.jdbc.spi.SqlExceptionHelper - SQL Error: 1451, SQLState: 23000
14:41:11.750 [qtp28130071-19] ERROR o.h.e.jdbc.spi.SqlExceptionHelper - Cannot delete or update a parent row: a foreign key constraint fails (`ili`.`ili_base_department`, CONSTRAINT `FK_p1wwv59fn8a1iffv3uohdv6is` FOREIGN KEY (`organ_id`) REFERENCES `ili_base_organization` (`id`))
14:41:11.828 [qtp28130071-19] ERROR n.i.b.w.o.OrganizationBean - could not execute statement; SQL [n/a]; constraint [null]; nested exception is org.hibernate.exception.ConstraintViolationException: could not execute statement
14:45:57.546 [qtp28130071-19] ERROR n.i.b.w.o.OrganizationBean - Unable to find net.ili.base.entities.organization.Department with id 16; nested exception is javax.persistence.EntityNotFoundException: Unable to find net.ili.base.entities.organization.Department with id 16
14:46:10.984 [qtp28130071-15] WARN  o.h.e.jdbc.spi.SqlExceptionHelper - SQL Error: 1451, SQLState: 23000
14:46:10.984 [qtp28130071-15] ERROR o.h.e.jdbc.spi.SqlExceptionHelper - Cannot delete or update a parent row: a foreign key constraint fails (`ili`.`ili_base_organization`, CONSTRAINT `FK_k145ux7o3n9937xb9si4x1uys` FOREIGN KEY (`parent_id`) REFERENCES `ili_base_organization` (`id`))
14:46:11.031 [qtp28130071-15] ERROR n.i.b.w.o.OrganizationBean - could not execute statement; SQL [n/a]; constraint [null]; nested exception is org.hibernate.exception.ConstraintViolationException: could not execute statement
14:47:14.828 [qtp28130071-24] ERROR n.i.b.w.o.OrganizationBean - Unable to find net.ili.base.entities.organization.Department with id 16; nested exception is javax.persistence.EntityNotFoundException: Unable to find net.ili.base.entities.organization.Department with id 16
